[debug] [2021-03-19T03:18:18.346Z] ----------------------------------------------------------------------
[debug] [2021-03-19T03:18:18.349Z] Command:       C:\Program Files\nodejs\node.exe C:\Users\jhhan\Desktop\앵귤러예제\앵귤러학습\ng10\newarea\node_modules\firebase-tools\lib\bin\firebase.js emulators:start --only functions
[debug] [2021-03-19T03:18:18.350Z] CLI Version:   8.20.0
[debug] [2021-03-19T03:18:18.350Z] Platform:      win32
[debug] [2021-03-19T03:18:18.350Z] Node Version:  v12.16.0
[debug] [2021-03-19T03:18:18.355Z] Time:          Fri Mar 19 2021 12:18:18 GMT+0900 (GMT+09:00)
[debug] [2021-03-19T03:18:18.355Z] ----------------------------------------------------------------------
[debug] [2021-03-19T03:18:18.355Z] 
[debug] [2021-03-19T03:18:18.381Z] > command requires scopes: ["email","openid","https://www.googleapis.com/auth/cloudplatformprojects.readonly","https://www.googleapis.com/auth/firebase","https://www.googleapis.com/auth/cloud-platform"]
[debug] [2021-03-19T03:18:18.382Z] > authorizing via signed-in user
[info] i  emulators: Starting emulators: functions {"metadata":{"emulator":{"name":"hub"},"message":"Starting emulators: functions"}}
[debug] [2021-03-19T03:18:20.462Z] [hub] writing locator at C:\Users\jhhan\AppData\Local\Temp\hub-ngtenpro.json
[warn] !  functions: The following emulators are not running, calls to these services from the Functions emulator will affect production: auth, firestore, database, hosting, pubsub {"metadata":{"emulator":{"name":"functions"},"message":"The following emulators are not running, calls to these services from the Functions emulator will affect production: \u001b[1mauth, firestore, database, hosting, pubsub\u001b[22m"}}
[info] +  functions: Using node@12 from host. {"metadata":{"emulator":{"name":"functions"},"message":"Using node@12 from host."}}
[debug] [2021-03-19T03:18:22.522Z] defaultcredentials: writing to file C:\Users\jhhan\AppData\Roaming\firebase\jhhan001_gmail_com_application_default_credentials.json
[debug] [2021-03-19T03:18:22.529Z] Setting GAC to C:\Users\jhhan\AppData\Roaming\firebase\jhhan001_gmail_com_application_default_credentials.json {"metadata":{"emulator":{"name":"functions"},"message":"Setting GAC to C:\\Users\\jhhan\\AppData\\Roaming\\firebase\\jhhan001_gmail_com_application_default_credentials.json"}}
[debug] [2021-03-19T03:18:26.562Z] Ignoring unsupported arg: auto_download {"metadata":{"emulator":{"name":"ui"},"message":"Ignoring unsupported arg: auto_download"}}
[debug] [2021-03-19T03:18:26.562Z] Ignoring unsupported arg: port {"metadata":{"emulator":{"name":"ui"},"message":"Ignoring unsupported arg: port"}}
[debug] [2021-03-19T03:18:26.563Z] Starting Emulator UI with command {"binary":"node","args":["C:\\Users\\jhhan\\.cache\\firebase\\emulators\\ui-v1.4.0\\server.bundle.js"],"optionalArgs":[],"joinArgs":false} {"metadata":{"emulator":{"name":"ui"},"message":"Starting Emulator UI with command {\"binary\":\"node\",\"args\":[\"C:\\\\Users\\\\jhhan\\\\.cache\\\\firebase\\\\emulators\\\\ui-v1.4.0\\\\server.bundle.js\"],\"optionalArgs\":[],\"joinArgs\":false}"}}
[info] i  ui: Emulator UI logging to ui-debug.log {"metadata":{"emulator":{"name":"ui"},"message":"Emulator UI logging to \u001b[1mui-debug.log\u001b[22m"}}
[debug] [2021-03-19T03:18:26.872Z] Web / API server started at http://localhost:4000
 {"metadata":{"emulator":{"name":"ui"},"message":"Web / API server started at http://localhost:4000\n"}}
[info] i  functions: Watching "C:\Users\jhhan\Desktop\앵귤러예제\앵귤러학습\ng10\newarea\functions" for Cloud Functions... {"metadata":{"emulator":{"name":"functions"},"message":"Watching \"C:\\Users\\jhhan\\Desktop\\앵귤러예제\\앵귤러학습\\ng10\\newarea\\functions\" for Cloud Functions..."}}
[debug] [2021-03-19T03:18:27.110Z] [worker-pool] addWorker(~diagnostic~) {"metadata":{"emulator":{"name":"functions"},"message":"[worker-pool] addWorker(~diagnostic~)"}}
[debug] [2021-03-19T03:18:27.111Z] [worker-pool] Adding worker with key ~diagnostic~, total=1 {"metadata":{"emulator":{"name":"functions"},"message":"[worker-pool] Adding worker with key ~diagnostic~, total=1"}}
[debug] [2021-03-19T03:18:27.111Z] [worker-pool] submitWork(triggerId=) {"metadata":{"emulator":{"name":"functions"},"message":"[worker-pool] submitWork(triggerId=)"}}
[debug] [2021-03-19T03:18:27.112Z] [worker-~diagnostic~-89809951-9eb1-429e-919b-24630fd355ca]: Assigning socketPath: \\?\pipe\C:\Users\jhhan\Desktop\앵귤러예제\앵귤러학습\ng10\newarea\functions\17108 {"metadata":{"emulator":{"name":"functions"},"message":"[worker-~diagnostic~-89809951-9eb1-429e-919b-24630fd355ca]: Assigning socketPath: \\\\?\\pipe\\C:\\Users\\jhhan\\Desktop\\앵귤러예제\\앵귤러학습\\ng10\\newarea\\functions\\17108"}}
[debug] [2021-03-19T03:18:27.113Z] [worker-~diagnostic~-89809951-9eb1-429e-919b-24630fd355ca]: BUSY {"metadata":{"emulator":{"name":"functions"},"message":"[worker-~diagnostic~-89809951-9eb1-429e-919b-24630fd355ca]: BUSY"}}
[debug] [2021-03-19T03:18:27.732Z] [runtime-status] [17108] Functions runtime initialized. {"cwd":"C:\\Users\\jhhan\\Desktop\\앵귤러예제\\앵귤러학습\\ng10\\newarea\\functions","node_version":"12.16.0"} {"metadata":{"emulator":{"name":"functions"},"message":"[runtime-status] [17108] Functions runtime initialized. {\"cwd\":\"C:\\\\Users\\\\jhhan\\\\Desktop\\\\앵귤러예제\\\\앵귤러학습\\\\ng10\\\\newarea\\\\functions\",\"node_version\":\"12.16.0\"}"}}
[debug] [2021-03-19T03:18:27.733Z] [runtime-status] [17108] Disabled runtime features: undefined {"metadata":{"emulator":{"name":"functions"},"message":"[runtime-status] [17108] Disabled runtime features: undefined"}}
[debug] [2021-03-19T03:18:27.739Z] [runtime-status] [17108] Resolved module firebase-admin {"declared":true,"installed":true,"version":"9.5.0","resolution":"C:\\Users\\jhhan\\Desktop\\앵귤러예제\\앵귤러학습\\ng10\\newarea\\functions\\node_modules\\firebase-admin\\lib\\index.js"} {"metadata":{"emulator":{"name":"functions"},"message":"[runtime-status] [17108] Resolved module firebase-admin {\"declared\":true,\"installed\":true,\"version\":\"9.5.0\",\"resolution\":\"C:\\\\Users\\\\jhhan\\\\Desktop\\\\앵귤러예제\\\\앵귤러학습\\\\ng10\\\\newarea\\\\functions\\\\node_modules\\\\firebase-admin\\\\lib\\\\index.js\"}"}}
[debug] [2021-03-19T03:18:27.747Z] [runtime-status] [17108] Resolved module firebase-functions {"declared":true,"installed":true,"version":"3.13.2","resolution":"C:\\Users\\jhhan\\Desktop\\앵귤러예제\\앵귤러학습\\ng10\\newarea\\functions\\node_modules\\firebase-functions\\lib\\index.js"} {"metadata":{"emulator":{"name":"functions"},"message":"[runtime-status] [17108] Resolved module firebase-functions {\"declared\":true,\"installed\":true,\"version\":\"3.13.2\",\"resolution\":\"C:\\\\Users\\\\jhhan\\\\Desktop\\\\앵귤러예제\\\\앵귤러학습\\\\ng10\\\\newarea\\\\functions\\\\node_modules\\\\firebase-functions\\\\lib\\\\index.js\"}"}}
[debug] [2021-03-19T03:18:27.749Z] [runtime-status] [17108] Resolved module firebase-functions {"declared":true,"installed":true,"version":"3.13.2","resolution":"C:\\Users\\jhhan\\Desktop\\앵귤러예제\\앵귤러학습\\ng10\\newarea\\functions\\node_modules\\firebase-functions\\lib\\index.js"} {"metadata":{"emulator":{"name":"functions"},"message":"[runtime-status] [17108] Resolved module firebase-functions {\"declared\":true,\"installed\":true,\"version\":\"3.13.2\",\"resolution\":\"C:\\\\Users\\\\jhhan\\\\Desktop\\\\앵귤러예제\\\\앵귤러학습\\\\ng10\\\\newarea\\\\functions\\\\node_modules\\\\firebase-functions\\\\lib\\\\index.js\"}"}}
[debug] [2021-03-19T03:18:27.751Z] [runtime-status] [17108] Outgoing network have been stubbed. [{"name":"http","status":"mocked"},{"name":"http","status":"mocked"},{"name":"https","status":"mocked"},{"name":"https","status":"mocked"},{"name":"net","status":"mocked"}] {"metadata":{"emulator":{"name":"functions"},"message":"[runtime-status] [17108] Outgoing network have been stubbed. [{\"name\":\"http\",\"status\":\"mocked\"},{\"name\":\"http\",\"status\":\"mocked\"},{\"name\":\"https\",\"status\":\"mocked\"},{\"name\":\"https\",\"status\":\"mocked\"},{\"name\":\"net\",\"status\":\"mocked\"}]"}}
[debug] [2021-03-19T03:18:27.752Z] [runtime-status] [17108] Resolved module firebase-functions {"declared":true,"installed":true,"version":"3.13.2","resolution":"C:\\Users\\jhhan\\Desktop\\앵귤러예제\\앵귤러학습\\ng10\\newarea\\functions\\node_modules\\firebase-functions\\lib\\index.js"} {"metadata":{"emulator":{"name":"functions"},"message":"[runtime-status] [17108] Resolved module firebase-functions {\"declared\":true,\"installed\":true,\"version\":\"3.13.2\",\"resolution\":\"C:\\\\Users\\\\jhhan\\\\Desktop\\\\앵귤러예제\\\\앵귤러학습\\\\ng10\\\\newarea\\\\functions\\\\node_modules\\\\firebase-functions\\\\lib\\\\index.js\"}"}}
[debug] [2021-03-19T03:18:27.853Z] [runtime-status] [17108] Checked functions.config() {"config":{}} {"metadata":{"emulator":{"name":"functions"},"message":"[runtime-status] [17108] Checked functions.config() {\"config\":{}}"}}
[debug] [2021-03-19T03:18:27.854Z] [runtime-status] [17108] firebase-functions has been stubbed. {"functionsResolution":{"declared":true,"installed":true,"version":"3.13.2","resolution":"C:\\Users\\jhhan\\Desktop\\앵귤러예제\\앵귤러학습\\ng10\\newarea\\functions\\node_modules\\firebase-functions\\lib\\index.js"}} {"metadata":{"emulator":{"name":"functions"},"message":"[runtime-status] [17108] firebase-functions has been stubbed. {\"functionsResolution\":{\"declared\":true,\"installed\":true,\"version\":\"3.13.2\",\"resolution\":\"C:\\\\Users\\\\jhhan\\\\Desktop\\\\앵귤러예제\\\\앵귤러학습\\\\ng10\\\\newarea\\\\functions\\\\node_modules\\\\firebase-functions\\\\lib\\\\index.js\"}}"}}
[debug] [2021-03-19T03:18:27.855Z] [runtime-status] [17108] Resolved module firebase-functions {"declared":true,"installed":true,"version":"3.13.2","resolution":"C:\\Users\\jhhan\\Desktop\\앵귤러예제\\앵귤러학습\\ng10\\newarea\\functions\\node_modules\\firebase-functions\\lib\\index.js"} {"metadata":{"emulator":{"name":"functions"},"message":"[runtime-status] [17108] Resolved module firebase-functions {\"declared\":true,\"installed\":true,\"version\":\"3.13.2\",\"resolution\":\"C:\\\\Users\\\\jhhan\\\\Desktop\\\\앵귤러예제\\\\앵귤러학습\\\\ng10\\\\newarea\\\\functions\\\\node_modules\\\\firebase-functions\\\\lib\\\\index.js\"}"}}
[debug] [2021-03-19T03:18:27.863Z] [runtime-status] [17108] Resolved module firebase-admin {"declared":true,"installed":true,"version":"9.5.0","resolution":"C:\\Users\\jhhan\\Desktop\\앵귤러예제\\앵귤러학습\\ng10\\newarea\\functions\\node_modules\\firebase-admin\\lib\\index.js"} {"metadata":{"emulator":{"name":"functions"},"message":"[runtime-status] [17108] Resolved module firebase-admin {\"declared\":true,\"installed\":true,\"version\":\"9.5.0\",\"resolution\":\"C:\\\\Users\\\\jhhan\\\\Desktop\\\\앵귤러예제\\\\앵귤러학습\\\\ng10\\\\newarea\\\\functions\\\\node_modules\\\\firebase-admin\\\\lib\\\\index.js\"}"}}
[debug] [2021-03-19T03:18:27.864Z] [runtime-status] [17108] Resolved module firebase-functions {"declared":true,"installed":true,"version":"3.13.2","resolution":"C:\\Users\\jhhan\\Desktop\\앵귤러예제\\앵귤러학습\\ng10\\newarea\\functions\\node_modules\\firebase-functions\\lib\\index.js"} {"metadata":{"emulator":{"name":"functions"},"message":"[runtime-status] [17108] Resolved module firebase-functions {\"declared\":true,\"installed\":true,\"version\":\"3.13.2\",\"resolution\":\"C:\\\\Users\\\\jhhan\\\\Desktop\\\\앵귤러예제\\\\앵귤러학습\\\\ng10\\\\newarea\\\\functions\\\\node_modules\\\\firebase-functions\\\\lib\\\\index.js\"}"}}
[debug] [2021-03-19T03:18:27.865Z] [runtime-status] [17108] firebase-admin has been stubbed. {"adminResolution":{"declared":true,"installed":true,"version":"9.5.0","resolution":"C:\\Users\\jhhan\\Desktop\\앵귤러예제\\앵귤러학습\\ng10\\newarea\\functions\\node_modules\\firebase-admin\\lib\\index.js"}} {"metadata":{"emulator":{"name":"functions"},"message":"[runtime-status] [17108] firebase-admin has been stubbed. {\"adminResolution\":{\"declared\":true,\"installed\":true,\"version\":\"9.5.0\",\"resolution\":\"C:\\\\Users\\\\jhhan\\\\Desktop\\\\앵귤러예제\\\\앵귤러학습\\\\ng10\\\\newarea\\\\functions\\\\node_modules\\\\firebase-admin\\\\lib\\\\index.js\"}}"}}
[debug] [2021-03-19T03:18:27.871Z] [runtime-status] [17108] initializeApp(DEFAULT) {"databaseURL":"https://ngtenpro.firebaseio.com","storageBucket":"ngtenpro.appspot.com","projectId":"ngtenpro"} {"metadata":{"emulator":{"name":"functions"},"message":"[runtime-status] [17108] initializeApp(DEFAULT) {\"databaseURL\":\"https://ngtenpro.firebaseio.com\",\"storageBucket\":\"ngtenpro.appspot.com\",\"projectId\":\"ngtenpro\"}"}}
[warn] !  functions: The Cloud Firestore emulator is not running, so calls to Firestore will affect production. {"metadata":{"emulator":{"name":"functions"},"message":"The Cloud Firestore emulator is not running, so calls to Firestore will affect production."}}
[info] +  functions[getCourses]: http function initialized (http://localhost:5001/ngtenpro/us-central1/getCourses). {"metadata":{"emulator":{"name":"functions"},"message":"\u001b[1mhttp\u001b[22m function initialized (http://localhost:5001/ngtenpro/us-central1/getCourses)."}}
[info] 
┌─────────────────────────────────────────────────────────────┐
│ ✔  All emulators ready! It is now safe to connect your app. │
│ i  View Emulator UI at http://localhost:4000                │
└─────────────────────────────────────────────────────────────┘

┌───────────┬────────────────┬─────────────────────────────────┐
│ Emulator  │ Host:Port      │ View in Emulator UI             │
├───────────┼────────────────┼─────────────────────────────────┤
│ Functions │ localhost:5001 │ http://localhost:4000/functions │
└───────────┴────────────────┴─────────────────────────────────┘
  Emulator Hub running at localhost:4400
  Other reserved ports: 4500

Issues? Report them at https://github.com/firebase/firebase-tools/issues and attach the *-debug.log files.
 
[debug] [2021-03-19T03:18:29.723Z] [worker-~diagnostic~-89809951-9eb1-429e-919b-24630fd355ca]: IDLE {"metadata":{"emulator":{"name":"functions"},"message":"[worker-~diagnostic~-89809951-9eb1-429e-919b-24630fd355ca]: IDLE"}}
[debug] [2021-03-19T03:19:00.497Z] [work-queue] {"queueLength":1,"workRunningCount":0}
[debug] [2021-03-19T03:19:00.498Z] [work-queue] {"queueLength":0,"workRunningCount":1}
[debug] [2021-03-19T03:19:00.498Z] Could not find key=courses in {"getCourses":{"def":{"httpsTrigger":{},"name":"getCourses","entryPoint":"getCourses"},"enabled":true,"ignored":false,"url":"http://localhost:5001/ngtenpro/us-central1/getCourses"}}
[debug] [2021-03-19T03:19:00.499Z] FirebaseError: No trigger with key courses {"metadata":{"emulator":{"name":"functions"},"message":{"name":"FirebaseError","children":[],"exit":1,"message":"No trigger with key courses","status":500}}}
[debug] [2021-03-19T03:19:00.499Z] [work-queue] {"queueLength":0,"workRunningCount":0}
[debug] [2021-03-19T03:19:26.035Z] [work-queue] {"queueLength":1,"workRunningCount":0}
[debug] [2021-03-19T03:19:26.035Z] [work-queue] {"queueLength":0,"workRunningCount":1}
[debug] [2021-03-19T03:19:26.035Z] Accepted request GET /ngtenpro/us-central1/getCourses --> getCourses
[debug] [2021-03-19T03:19:26.052Z] [worker-pool] addWorker(getCourses) {"metadata":{"emulator":{"name":"functions"},"message":"[worker-pool] addWorker(getCourses)"}}
[debug] [2021-03-19T03:19:26.052Z] [worker-pool] Adding worker with key getCourses, total=1 {"metadata":{"emulator":{"name":"functions"},"message":"[worker-pool] Adding worker with key getCourses, total=1"}}
[debug] [2021-03-19T03:19:26.052Z] [worker-pool] submitWork(triggerId=getCourses) {"metadata":{"emulator":{"name":"functions"},"message":"[worker-pool] submitWork(triggerId=getCourses)"}}
[debug] [2021-03-19T03:19:26.052Z] [worker-getCourses-f2b9c6ce-ab86-4c8a-9bdd-b243ac6db88b]: Assigning socketPath: \\?\pipe\C:\Users\jhhan\Desktop\앵귤러예제\앵귤러학습\ng10\newarea\functions\18796 {"metadata":{"emulator":{"name":"functions"},"message":"[worker-getCourses-f2b9c6ce-ab86-4c8a-9bdd-b243ac6db88b]: Assigning socketPath: \\\\?\\pipe\\C:\\Users\\jhhan\\Desktop\\앵귤러예제\\앵귤러학습\\ng10\\newarea\\functions\\18796"}}
[debug] [2021-03-19T03:19:26.053Z] [worker-getCourses-f2b9c6ce-ab86-4c8a-9bdd-b243ac6db88b]: BUSY {"metadata":{"emulator":{"name":"functions"},"message":"[worker-getCourses-f2b9c6ce-ab86-4c8a-9bdd-b243ac6db88b]: BUSY"}}
[debug] [2021-03-19T03:19:26.568Z] [runtime-status] [18796] Functions runtime initialized. {"cwd":"C:\\Users\\jhhan\\Desktop\\앵귤러예제\\앵귤러학습\\ng10\\newarea\\functions","node_version":"12.16.0"} {"metadata":{"emulator":{"name":"functions"},"function":{"name":"getCourses"},"message":"[runtime-status] [18796] Functions runtime initialized. {\"cwd\":\"C:\\\\Users\\\\jhhan\\\\Desktop\\\\앵귤러예제\\\\앵귤러학습\\\\ng10\\\\newarea\\\\functions\",\"node_version\":\"12.16.0\"}"}}
[debug] [2021-03-19T03:19:26.570Z] [runtime-status] [18796] Disabled runtime features: undefined {"metadata":{"emulator":{"name":"functions"},"function":{"name":"getCourses"},"message":"[runtime-status] [18796] Disabled runtime features: undefined"}}
[debug] [2021-03-19T03:19:26.577Z] [runtime-status] [18796] Resolved module firebase-admin {"declared":true,"installed":true,"version":"9.5.0","resolution":"C:\\Users\\jhhan\\Desktop\\앵귤러예제\\앵귤러학습\\ng10\\newarea\\functions\\node_modules\\firebase-admin\\lib\\index.js"} {"metadata":{"emulator":{"name":"functions"},"function":{"name":"getCourses"},"message":"[runtime-status] [18796] Resolved module firebase-admin {\"declared\":true,\"installed\":true,\"version\":\"9.5.0\",\"resolution\":\"C:\\\\Users\\\\jhhan\\\\Desktop\\\\앵귤러예제\\\\앵귤러학습\\\\ng10\\\\newarea\\\\functions\\\\node_modules\\\\firebase-admin\\\\lib\\\\index.js\"}"}}
[debug] [2021-03-19T03:19:26.582Z] [runtime-status] [18796] Resolved module firebase-functions {"declared":true,"installed":true,"version":"3.13.2","resolution":"C:\\Users\\jhhan\\Desktop\\앵귤러예제\\앵귤러학습\\ng10\\newarea\\functions\\node_modules\\firebase-functions\\lib\\index.js"} {"metadata":{"emulator":{"name":"functions"},"function":{"name":"getCourses"},"message":"[runtime-status] [18796] Resolved module firebase-functions {\"declared\":true,\"installed\":true,\"version\":\"3.13.2\",\"resolution\":\"C:\\\\Users\\\\jhhan\\\\Desktop\\\\앵귤러예제\\\\앵귤러학습\\\\ng10\\\\newarea\\\\functions\\\\node_modules\\\\firebase-functions\\\\lib\\\\index.js\"}"}}
[debug] [2021-03-19T03:19:26.585Z] [runtime-status] [18796] Resolved module firebase-functions {"declared":true,"installed":true,"version":"3.13.2","resolution":"C:\\Users\\jhhan\\Desktop\\앵귤러예제\\앵귤러학습\\ng10\\newarea\\functions\\node_modules\\firebase-functions\\lib\\index.js"} {"metadata":{"emulator":{"name":"functions"},"function":{"name":"getCourses"},"message":"[runtime-status] [18796] Resolved module firebase-functions {\"declared\":true,\"installed\":true,\"version\":\"3.13.2\",\"resolution\":\"C:\\\\Users\\\\jhhan\\\\Desktop\\\\앵귤러예제\\\\앵귤러학습\\\\ng10\\\\newarea\\\\functions\\\\node_modules\\\\firebase-functions\\\\lib\\\\index.js\"}"}}
[debug] [2021-03-19T03:19:26.588Z] [runtime-status] [18796] Outgoing network have been stubbed. [{"name":"http","status":"mocked"},{"name":"http","status":"mocked"},{"name":"https","status":"mocked"},{"name":"https","status":"mocked"},{"name":"net","status":"mocked"}] {"metadata":{"emulator":{"name":"functions"},"function":{"name":"getCourses"},"message":"[runtime-status] [18796] Outgoing network have been stubbed. [{\"name\":\"http\",\"status\":\"mocked\"},{\"name\":\"http\",\"status\":\"mocked\"},{\"name\":\"https\",\"status\":\"mocked\"},{\"name\":\"https\",\"status\":\"mocked\"},{\"name\":\"net\",\"status\":\"mocked\"}]"}}
[debug] [2021-03-19T03:19:26.589Z] [runtime-status] [18796] Resolved module firebase-functions {"declared":true,"installed":true,"version":"3.13.2","resolution":"C:\\Users\\jhhan\\Desktop\\앵귤러예제\\앵귤러학습\\ng10\\newarea\\functions\\node_modules\\firebase-functions\\lib\\index.js"} {"metadata":{"emulator":{"name":"functions"},"function":{"name":"getCourses"},"message":"[runtime-status] [18796] Resolved module firebase-functions {\"declared\":true,\"installed\":true,\"version\":\"3.13.2\",\"resolution\":\"C:\\\\Users\\\\jhhan\\\\Desktop\\\\앵귤러예제\\\\앵귤러학습\\\\ng10\\\\newarea\\\\functions\\\\node_modules\\\\firebase-functions\\\\lib\\\\index.js\"}"}}
[debug] [2021-03-19T03:19:26.683Z] [runtime-status] [18796] Checked functions.config() {"config":{}} {"metadata":{"emulator":{"name":"functions"},"function":{"name":"getCourses"},"message":"[runtime-status] [18796] Checked functions.config() {\"config\":{}}"}}
[debug] [2021-03-19T03:19:26.683Z] [runtime-status] [18796] firebase-functions has been stubbed. {"functionsResolution":{"declared":true,"installed":true,"version":"3.13.2","resolution":"C:\\Users\\jhhan\\Desktop\\앵귤러예제\\앵귤러학습\\ng10\\newarea\\functions\\node_modules\\firebase-functions\\lib\\index.js"}} {"metadata":{"emulator":{"name":"functions"},"function":{"name":"getCourses"},"message":"[runtime-status] [18796] firebase-functions has been stubbed. {\"functionsResolution\":{\"declared\":true,\"installed\":true,\"version\":\"3.13.2\",\"resolution\":\"C:\\\\Users\\\\jhhan\\\\Desktop\\\\앵귤러예제\\\\앵귤러학습\\\\ng10\\\\newarea\\\\functions\\\\node_modules\\\\firebase-functions\\\\lib\\\\index.js\"}}"}}
[debug] [2021-03-19T03:19:26.685Z] [runtime-status] [18796] Resolved module firebase-functions {"declared":true,"installed":true,"version":"3.13.2","resolution":"C:\\Users\\jhhan\\Desktop\\앵귤러예제\\앵귤러학습\\ng10\\newarea\\functions\\node_modules\\firebase-functions\\lib\\index.js"} {"metadata":{"emulator":{"name":"functions"},"function":{"name":"getCourses"},"message":"[runtime-status] [18796] Resolved module firebase-functions {\"declared\":true,\"installed\":true,\"version\":\"3.13.2\",\"resolution\":\"C:\\\\Users\\\\jhhan\\\\Desktop\\\\앵귤러예제\\\\앵귤러학습\\\\ng10\\\\newarea\\\\functions\\\\node_modules\\\\firebase-functions\\\\lib\\\\index.js\"}"}}
[debug] [2021-03-19T03:19:26.691Z] [runtime-status] [18796] Resolved module firebase-admin {"declared":true,"installed":true,"version":"9.5.0","resolution":"C:\\Users\\jhhan\\Desktop\\앵귤러예제\\앵귤러학습\\ng10\\newarea\\functions\\node_modules\\firebase-admin\\lib\\index.js"} {"metadata":{"emulator":{"name":"functions"},"function":{"name":"getCourses"},"message":"[runtime-status] [18796] Resolved module firebase-admin {\"declared\":true,\"installed\":true,\"version\":\"9.5.0\",\"resolution\":\"C:\\\\Users\\\\jhhan\\\\Desktop\\\\앵귤러예제\\\\앵귤러학습\\\\ng10\\\\newarea\\\\functions\\\\node_modules\\\\firebase-admin\\\\lib\\\\index.js\"}"}}
[debug] [2021-03-19T03:19:26.693Z] [runtime-status] [18796] Resolved module firebase-functions {"declared":true,"installed":true,"version":"3.13.2","resolution":"C:\\Users\\jhhan\\Desktop\\앵귤러예제\\앵귤러학습\\ng10\\newarea\\functions\\node_modules\\firebase-functions\\lib\\index.js"} {"metadata":{"emulator":{"name":"functions"},"function":{"name":"getCourses"},"message":"[runtime-status] [18796] Resolved module firebase-functions {\"declared\":true,\"installed\":true,\"version\":\"3.13.2\",\"resolution\":\"C:\\\\Users\\\\jhhan\\\\Desktop\\\\앵귤러예제\\\\앵귤러학습\\\\ng10\\\\newarea\\\\functions\\\\node_modules\\\\firebase-functions\\\\lib\\\\index.js\"}"}}
[debug] [2021-03-19T03:19:26.694Z] [runtime-status] [18796] firebase-admin has been stubbed. {"adminResolution":{"declared":true,"installed":true,"version":"9.5.0","resolution":"C:\\Users\\jhhan\\Desktop\\앵귤러예제\\앵귤러학습\\ng10\\newarea\\functions\\node_modules\\firebase-admin\\lib\\index.js"}} {"metadata":{"emulator":{"name":"functions"},"function":{"name":"getCourses"},"message":"[runtime-status] [18796] firebase-admin has been stubbed. {\"adminResolution\":{\"declared\":true,\"installed\":true,\"version\":\"9.5.0\",\"resolution\":\"C:\\\\Users\\\\jhhan\\\\Desktop\\\\앵귤러예제\\\\앵귤러학습\\\\ng10\\\\newarea\\\\functions\\\\node_modules\\\\firebase-admin\\\\lib\\\\index.js\"}}"}}
[debug] [2021-03-19T03:19:26.700Z] [runtime-status] [18796] initializeApp(DEFAULT) {"databaseURL":"https://ngtenpro.firebaseio.com","storageBucket":"ngtenpro.appspot.com","projectId":"ngtenpro"} {"metadata":{"emulator":{"name":"functions"},"function":{"name":"getCourses"},"message":"[runtime-status] [18796] initializeApp(DEFAULT) {\"databaseURL\":\"https://ngtenpro.firebaseio.com\",\"storageBucket\":\"ngtenpro.appspot.com\",\"projectId\":\"ngtenpro\"}"}}
[debug] [2021-03-19T03:19:27.998Z] [runtime-status] [18796] Trigger "getCourses" has been found, beginning invocation! {"metadata":{"emulator":{"name":"functions"},"function":{"name":"getCourses"},"message":"[runtime-status] [18796] Trigger \"getCourses\" has been found, beginning invocation!"}}
[info] i  functions: Beginning execution of "getCourses" {"metadata":{"emulator":{"name":"functions"},"function":{"name":"getCourses"},"message":"Beginning execution of \"getCourses\""}}
[debug] [2021-03-19T03:19:28.001Z] [runtime-status] [18796] triggerDefinition {"httpsTrigger":{},"name":"getCourses","entryPoint":"getCourses"} {"metadata":{"emulator":{"name":"functions"},"function":{"name":"getCourses"},"message":"[runtime-status] [18796] triggerDefinition {\"httpsTrigger\":{},\"name\":\"getCourses\",\"entryPoint\":\"getCourses\"}"}}
[debug] [2021-03-19T03:19:28.002Z] [runtime-status] [18796] Running getCourses in mode HTTPS {"metadata":{"emulator":{"name":"functions"},"function":{"name":"getCourses"},"message":"[runtime-status] [18796] Running getCourses in mode HTTPS"}}
[debug] [2021-03-19T03:19:28.026Z] [runtime-status] [18796] Attempting to listen to socketPath: \\?\pipe\C:\Users\jhhan\Desktop\앵귤러예제\앵귤러학습\ng10\newarea\functions\18796 {"metadata":{"emulator":{"name":"functions"},"function":{"name":"getCourses"},"message":"[runtime-status] [18796] Attempting to listen to socketPath: \\\\?\\pipe\\C:\\Users\\jhhan\\Desktop\\앵귤러예제\\앵귤러학습\\ng10\\newarea\\functions\\18796"}}
[debug] [2021-03-19T03:19:28.032Z] [functions] Runtime ready! Sending request! {"metadata":{"emulator":{"name":"functions"},"message":"[functions] Runtime ready! Sending request!"}}
[debug] [2021-03-19T03:19:28.048Z] [runtime-status] [18796] Ephemeral server handling GET request {"metadata":{"emulator":{"name":"functions"},"function":{"name":"getCourses"},"message":"[runtime-status] [18796] Ephemeral server handling GET request"}}
[debug] [2021-03-19T03:19:28.061Z] [runtime-status] [18796] Ephemeral server survived. {"metadata":{"emulator":{"name":"functions"},"function":{"name":"getCourses"},"message":"[runtime-status] [18796] Ephemeral server survived."}}
[info] i  functions: Finished "getCourses" in ~1s {"metadata":{"emulator":{"name":"functions"},"function":{"name":"getCourses"},"message":"Finished \"getCourses\" in ~1s"}}
[debug] [2021-03-19T03:19:28.125Z] [worker-getCourses-f2b9c6ce-ab86-4c8a-9bdd-b243ac6db88b]: IDLE {"metadata":{"emulator":{"name":"functions"},"message":"[worker-getCourses-f2b9c6ce-ab86-4c8a-9bdd-b243ac6db88b]: IDLE"}}
[debug] [2021-03-19T03:19:28.126Z] [work-queue] {"queueLength":0,"workRunningCount":0}
[debug] [2021-03-19T03:19:37.141Z] [work-queue] {"queueLength":1,"workRunningCount":0}
[debug] [2021-03-19T03:19:37.142Z] [work-queue] {"queueLength":0,"workRunningCount":1}
[debug] [2021-03-19T03:19:37.143Z] Accepted request GET /ngtenpro/us-central1/getCourses/courses --> getCourses
[debug] [2021-03-19T03:19:37.143Z] [worker-pool] submitWork(triggerId=getCourses) {"metadata":{"emulator":{"name":"functions"},"message":"[worker-pool] submitWork(triggerId=getCourses)"}}
[debug] [2021-03-19T03:19:37.143Z] [worker-getCourses-f2b9c6ce-ab86-4c8a-9bdd-b243ac6db88b]: Assigning socketPath: \\?\pipe\C:\Users\jhhan\Desktop\앵귤러예제\앵귤러학습\ng10\newarea\functions\18796 {"metadata":{"emulator":{"name":"functions"},"message":"[worker-getCourses-f2b9c6ce-ab86-4c8a-9bdd-b243ac6db88b]: Assigning socketPath: \\\\?\\pipe\\C:\\Users\\jhhan\\Desktop\\앵귤러예제\\앵귤러학습\\ng10\\newarea\\functions\\18796"}}
[debug] [2021-03-19T03:19:37.145Z] [worker-getCourses-f2b9c6ce-ab86-4c8a-9bdd-b243ac6db88b]: BUSY {"metadata":{"emulator":{"name":"functions"},"message":"[worker-getCourses-f2b9c6ce-ab86-4c8a-9bdd-b243ac6db88b]: BUSY"}}
[debug] [2021-03-19T03:19:37.146Z] [runtime-status] [18796] Trigger "getCourses" has been found, beginning invocation! {"metadata":{"emulator":{"name":"functions"},"function":{"name":"getCourses"},"message":"[runtime-status] [18796] Trigger \"getCourses\" has been found, beginning invocation!"}}
[info] i  functions: Beginning execution of "getCourses" {"metadata":{"emulator":{"name":"functions"},"function":{"name":"getCourses"},"message":"Beginning execution of \"getCourses\""}}
[debug] [2021-03-19T03:19:37.150Z] [runtime-status] [18796] triggerDefinition {"httpsTrigger":{},"name":"getCourses","entryPoint":"getCourses"} {"metadata":{"emulator":{"name":"functions"},"function":{"name":"getCourses"},"message":"[runtime-status] [18796] triggerDefinition {\"httpsTrigger\":{},\"name\":\"getCourses\",\"entryPoint\":\"getCourses\"}"}}
[debug] [2021-03-19T03:19:37.150Z] [runtime-status] [18796] Running getCourses in mode HTTPS {"metadata":{"emulator":{"name":"functions"},"function":{"name":"getCourses"},"message":"[runtime-status] [18796] Running getCourses in mode HTTPS"}}
[debug] [2021-03-19T03:19:37.151Z] [runtime-status] [18796] Attempting to listen to socketPath: \\?\pipe\C:\Users\jhhan\Desktop\앵귤러예제\앵귤러학습\ng10\newarea\functions\18796 {"metadata":{"emulator":{"name":"functions"},"function":{"name":"getCourses"},"message":"[runtime-status] [18796] Attempting to listen to socketPath: \\\\?\\pipe\\C:\\Users\\jhhan\\Desktop\\앵귤러예제\\앵귤러학습\\ng10\\newarea\\functions\\18796"}}
[debug] [2021-03-19T03:19:37.153Z] [functions] Runtime ready! Sending request! {"metadata":{"emulator":{"name":"functions"},"message":"[functions] Runtime ready! Sending request!"}}
[debug] [2021-03-19T03:19:37.162Z] [runtime-status] [18796] Ephemeral server handling GET request {"metadata":{"emulator":{"name":"functions"},"function":{"name":"getCourses"},"message":"[runtime-status] [18796] Ephemeral server handling GET request"}}
[debug] [2021-03-19T03:19:37.168Z] [runtime-status] [18796] Ephemeral server survived. {"metadata":{"emulator":{"name":"functions"},"function":{"name":"getCourses"},"message":"[runtime-status] [18796] Ephemeral server survived."}}
[warn] !  Google API requested!
   - URL: "https://oauth2.googleapis.com/token"
   - Be careful, this may be a production service. {"metadata":{"emulator":{"name":"functions"},"function":{"name":"getCourses"},"message":"Google API requested!\n   - URL: \"https://oauth2.googleapis.com/token\"\n   - Be careful, this may be a production service."}}
[info] i  functions: Finished "getCourses" in ~3s {"metadata":{"emulator":{"name":"functions"},"function":{"name":"getCourses"},"message":"Finished \"getCourses\" in ~3s"}}
[debug] [2021-03-19T03:19:41.153Z] [worker-getCourses-f2b9c6ce-ab86-4c8a-9bdd-b243ac6db88b]: IDLE {"metadata":{"emulator":{"name":"functions"},"message":"[worker-getCourses-f2b9c6ce-ab86-4c8a-9bdd-b243ac6db88b]: IDLE"}}
[debug] [2021-03-19T03:19:41.153Z] [work-queue] {"queueLength":0,"workRunningCount":0}
[debug] [2021-03-19T16:21:36.468Z] [worker-getCourses-f2b9c6ce-ab86-4c8a-9bdd-b243ac6db88b]: exited {"metadata":{"emulator":{"name":"functions"},"message":"[worker-getCourses-f2b9c6ce-ab86-4c8a-9bdd-b243ac6db88b]: exited"}}
